<?xml version="1.0" encoding="UTF-8" standalone="yes"?>
<ns2:test-suite xmlns:ns2="urn:model.allure.qatools.yandex.ru" start="1520425984885" stop="1520433012248" version="1.4.8">
    <name>Default suite</name>
    <title>Default suite : Default test[]</title>
    <test-cases>
        <test-case start="1520426052095" stop="1520426096289" status="broken">
            <name>validateLogin[uname1,null]</name>
            <failure>
                <message>TimeoutException: Timed out after 20 seconds waiting for element to be clickable: [[AndroidDriver:  on LINUX (78a35f7e-25bc-41d7-a2c6-86c320fe68a3)] -&gt; xpath: //*[@text='SIGN IN']]
Build info: version: '2.53.0', revision: '35ae25b', time: '2016-03-15 17:00:58'
System info: host: 'CHDSEZ97152L.local', ip: '10.64.107.244', os.name: 'Mac OS X', os.arch: 'x86_64', os.version: '10.10.5', java.version: '1.8.0_45'
Driver info: io.appium.java_client.android.AndroidDriver
Capabilities [{app=/Users/chdsez97152lADM/Desktop/Karam/apk/com.ebay.mobile_v5.17.0.18-117_Android-5.0.apk, appPackage=com.ebay.mobile, deviceScreenSize=1440x2560, networkConnectionEnabled=true, warnings={}, appWaitPackage=com.ebay.mobile, appWaitActivity=com.ebay.mobile.activities.MainActivity, databaseEnabled=false, deviceName=ce11160bd260b42702, platform=LINUX, deviceUDID=ce11160bd260b42702, appActivity=com.ebay.mobile.activities.MainActivity, desired={app=/Users/chdsez97152lADM/Desktop/Karam/apk/com.ebay.mobile_v5.17.0.18-117_Android-5.0.apk, platformVersion=7.0, platformName=Android, deviceName=Moto G4 Plus}, platformVersion=7.0, webStorageEnabled=false, locationContextEnabled=false, takesScreenshot=true, javascriptEnabled=true, deviceModel=SM-G930F, platformName=Android, deviceManufacturer=samsung}]
Session ID: 78a35f7e-25bc-41d7-a2c6-86c320fe68a3</message>
                <stack-trace>org.openqa.selenium.TimeoutException: Timed out after 20 seconds waiting for element to be clickable: [[AndroidDriver:  on LINUX (78a35f7e-25bc-41d7-a2c6-86c320fe68a3)] -&gt; xpath: //*[@text='SIGN IN']]
Build info: version: '2.53.0', revision: '35ae25b', time: '2016-03-15 17:00:58'
System info: host: 'CHDSEZ97152L.local', ip: '10.64.107.244', os.name: 'Mac OS X', os.arch: 'x86_64', os.version: '10.10.5', java.version: '1.8.0_45'
Driver info: io.appium.java_client.android.AndroidDriver
Capabilities [{app=/Users/chdsez97152lADM/Desktop/Karam/apk/com.ebay.mobile_v5.17.0.18-117_Android-5.0.apk, appPackage=com.ebay.mobile, deviceScreenSize=1440x2560, networkConnectionEnabled=true, warnings={}, appWaitPackage=com.ebay.mobile, appWaitActivity=com.ebay.mobile.activities.MainActivity, databaseEnabled=false, deviceName=ce11160bd260b42702, platform=LINUX, deviceUDID=ce11160bd260b42702, appActivity=com.ebay.mobile.activities.MainActivity, desired={app=/Users/chdsez97152lADM/Desktop/Karam/apk/com.ebay.mobile_v5.17.0.18-117_Android-5.0.apk, platformVersion=7.0, platformName=Android, deviceName=Moto G4 Plus}, platformVersion=7.0, webStorageEnabled=false, locationContextEnabled=false, takesScreenshot=true, javascriptEnabled=true, deviceModel=SM-G930F, platformName=Android, deviceManufacturer=samsung}]
Session ID: 78a35f7e-25bc-41d7-a2c6-86c320fe68a3
	at org.openqa.selenium.support.ui.WebDriverWait.timeoutException(WebDriverWait.java:80)
	at org.openqa.selenium.support.ui.FluentWait.until(FluentWait.java:261)
	at com.infy.utils.Utils.clickCustom(Utils.java:43)
	at com.infy.pages.SignInPage.clickSignIn(SignInPage.java:45)
	at com.infy.actions.ActionControllerLogin.performLogin(ActionControllerLogin.java:21)
	at com.infy.login.EbayTestCases.validateLogin(EbayTestCases.java:65)
	at sun.reflect.NativeMethodAccessorImpl.invoke0(Native Method)
	at sun.reflect.NativeMethodAccessorImpl.invoke(NativeMethodAccessorImpl.java:62)
	at sun.reflect.DelegatingMethodAccessorImpl.invoke(DelegatingMethodAccessorImpl.java:43)
	at java.lang.reflect.Method.invoke(Method.java:497)
	at org.testng.internal.MethodInvocationHelper.invokeMethod(MethodInvocationHelper.java:85)
	at org.testng.internal.Invoker.invokeMethod(Invoker.java:639)
	at org.testng.internal.Invoker.invokeTestMethod(Invoker.java:816)
	at org.testng.internal.Invoker.invokeTestMethods(Invoker.java:1124)
	at org.testng.internal.TestMethodWorker.invokeTestMethods(TestMethodWorker.java:125)
	at org.testng.internal.TestMethodWorker.run(TestMethodWorker.java:108)
	at org.testng.TestRunner.privateRun(TestRunner.java:774)
	at org.testng.TestRunner.run(TestRunner.java:624)
	at org.testng.SuiteRunner.runTest(SuiteRunner.java:359)
	at org.testng.SuiteRunner.runSequentially(SuiteRunner.java:354)
	at org.testng.SuiteRunner.privateRun(SuiteRunner.java:312)
	at org.testng.SuiteRunner.run(SuiteRunner.java:261)
	at org.testng.SuiteRunnerWorker.runSuite(SuiteRunnerWorker.java:52)
	at org.testng.SuiteRunnerWorker.run(SuiteRunnerWorker.java:86)
	at org.testng.TestNG.runSuitesSequentially(TestNG.java:1215)
	at org.testng.TestNG.runSuitesLocally(TestNG.java:1140)
	at org.testng.TestNG.run(TestNG.java:1048)
	at org.testng.remote.AbstractRemoteTestNG.run(AbstractRemoteTestNG.java:132)
	at org.testng.remote.RemoteTestNG.initAndRun(RemoteTestNG.java:230)
	at org.testng.remote.RemoteTestNG.main(RemoteTestNG.java:76)
</stack-trace>
            </failure>
            <steps/>
            <attachments/>
            <labels>
                <label name="host" value="CHDSEZ97152L.local"/>
                <label name="thread" value="31338@CHDSEZ97152L.local.main"/>
            </labels>
        </test-case>
        <test-case start="1520426052095" stop="1520426096289" status="broken">
            <name>validateLogin[uname1,null]</name>
            <failure>
                <message>TimeoutException: Timed out after 20 seconds waiting for element to be clickable: [[AndroidDriver:  on LINUX (78a35f7e-25bc-41d7-a2c6-86c320fe68a3)] -&gt; xpath: //*[@text='SIGN IN']]
Build info: version: '2.53.0', revision: '35ae25b', time: '2016-03-15 17:00:58'
System info: host: 'CHDSEZ97152L.local', ip: '10.64.107.244', os.name: 'Mac OS X', os.arch: 'x86_64', os.version: '10.10.5', java.version: '1.8.0_45'
Driver info: io.appium.java_client.android.AndroidDriver
Capabilities [{app=/Users/chdsez97152lADM/Desktop/Karam/apk/com.ebay.mobile_v5.17.0.18-117_Android-5.0.apk, appPackage=com.ebay.mobile, deviceScreenSize=1440x2560, networkConnectionEnabled=true, warnings={}, appWaitPackage=com.ebay.mobile, appWaitActivity=com.ebay.mobile.activities.MainActivity, databaseEnabled=false, deviceName=ce11160bd260b42702, platform=LINUX, deviceUDID=ce11160bd260b42702, appActivity=com.ebay.mobile.activities.MainActivity, desired={app=/Users/chdsez97152lADM/Desktop/Karam/apk/com.ebay.mobile_v5.17.0.18-117_Android-5.0.apk, platformVersion=7.0, platformName=Android, deviceName=Moto G4 Plus}, platformVersion=7.0, webStorageEnabled=false, locationContextEnabled=false, takesScreenshot=true, javascriptEnabled=true, deviceModel=SM-G930F, platformName=Android, deviceManufacturer=samsung}]
Session ID: 78a35f7e-25bc-41d7-a2c6-86c320fe68a3</message>
                <stack-trace>org.openqa.selenium.TimeoutException: Timed out after 20 seconds waiting for element to be clickable: [[AndroidDriver:  on LINUX (78a35f7e-25bc-41d7-a2c6-86c320fe68a3)] -&gt; xpath: //*[@text='SIGN IN']]
Build info: version: '2.53.0', revision: '35ae25b', time: '2016-03-15 17:00:58'
System info: host: 'CHDSEZ97152L.local', ip: '10.64.107.244', os.name: 'Mac OS X', os.arch: 'x86_64', os.version: '10.10.5', java.version: '1.8.0_45'
Driver info: io.appium.java_client.android.AndroidDriver
Capabilities [{app=/Users/chdsez97152lADM/Desktop/Karam/apk/com.ebay.mobile_v5.17.0.18-117_Android-5.0.apk, appPackage=com.ebay.mobile, deviceScreenSize=1440x2560, networkConnectionEnabled=true, warnings={}, appWaitPackage=com.ebay.mobile, appWaitActivity=com.ebay.mobile.activities.MainActivity, databaseEnabled=false, deviceName=ce11160bd260b42702, platform=LINUX, deviceUDID=ce11160bd260b42702, appActivity=com.ebay.mobile.activities.MainActivity, desired={app=/Users/chdsez97152lADM/Desktop/Karam/apk/com.ebay.mobile_v5.17.0.18-117_Android-5.0.apk, platformVersion=7.0, platformName=Android, deviceName=Moto G4 Plus}, platformVersion=7.0, webStorageEnabled=false, locationContextEnabled=false, takesScreenshot=true, javascriptEnabled=true, deviceModel=SM-G930F, platformName=Android, deviceManufacturer=samsung}]
Session ID: 78a35f7e-25bc-41d7-a2c6-86c320fe68a3
	at org.openqa.selenium.support.ui.WebDriverWait.timeoutException(WebDriverWait.java:80)
	at org.openqa.selenium.support.ui.FluentWait.until(FluentWait.java:261)
	at com.infy.utils.Utils.clickCustom(Utils.java:43)
	at com.infy.pages.SignInPage.clickSignIn(SignInPage.java:45)
	at com.infy.actions.ActionControllerLogin.performLogin(ActionControllerLogin.java:21)
	at com.infy.login.EbayTestCases.validateLogin(EbayTestCases.java:65)
	at sun.reflect.NativeMethodAccessorImpl.invoke0(Native Method)
	at sun.reflect.NativeMethodAccessorImpl.invoke(NativeMethodAccessorImpl.java:62)
	at sun.reflect.DelegatingMethodAccessorImpl.invoke(DelegatingMethodAccessorImpl.java:43)
	at java.lang.reflect.Method.invoke(Method.java:497)
	at org.testng.internal.MethodInvocationHelper.invokeMethod(MethodInvocationHelper.java:85)
	at org.testng.internal.Invoker.invokeMethod(Invoker.java:639)
	at org.testng.internal.Invoker.invokeTestMethod(Invoker.java:816)
	at org.testng.internal.Invoker.invokeTestMethods(Invoker.java:1124)
	at org.testng.internal.TestMethodWorker.invokeTestMethods(TestMethodWorker.java:125)
	at org.testng.internal.TestMethodWorker.run(TestMethodWorker.java:108)
	at org.testng.TestRunner.privateRun(TestRunner.java:774)
	at org.testng.TestRunner.run(TestRunner.java:624)
	at org.testng.SuiteRunner.runTest(SuiteRunner.java:359)
	at org.testng.SuiteRunner.runSequentially(SuiteRunner.java:354)
	at org.testng.SuiteRunner.privateRun(SuiteRunner.java:312)
	at org.testng.SuiteRunner.run(SuiteRunner.java:261)
	at org.testng.SuiteRunnerWorker.runSuite(SuiteRunnerWorker.java:52)
	at org.testng.SuiteRunnerWorker.run(SuiteRunnerWorker.java:86)
	at org.testng.TestNG.runSuitesSequentially(TestNG.java:1215)
	at org.testng.TestNG.runSuitesLocally(TestNG.java:1140)
	at org.testng.TestNG.run(TestNG.java:1048)
	at org.testng.remote.AbstractRemoteTestNG.run(AbstractRemoteTestNG.java:132)
	at org.testng.remote.RemoteTestNG.initAndRun(RemoteTestNG.java:230)
	at org.testng.remote.RemoteTestNG.main(RemoteTestNG.java:76)
</stack-trace>
            </failure>
            <steps/>
            <attachments/>
            <labels>
                <label name="host" value="CHDSEZ97152L.local"/>
                <label name="thread" value="31338@CHDSEZ97152L.local.main"/>
            </labels>
        </test-case>
        <test-case start="1520426096300" stop="1520426122431" status="broken">
            <name>validateLogin[null,test12345]</name>
            <failure>
                <message>NoSuchElementException: Can't locate an element by this strategy: Locator map: 
- native content: "By.id: com.ebay.mobile:id/button_sign_in" 
- html content: "by id or name "aeSignInMain""
For documentation on this error, please visit: http://seleniumhq.org/exceptions/no_such_element.html
Build info: version: '2.53.0', revision: '35ae25b', time: '2016-03-15 17:00:58'
System info: host: 'CHDSEZ97152L.local', ip: '10.64.107.244', os.name: 'Mac OS X', os.arch: 'x86_64', os.version: '10.10.5', java.version: '1.8.0_45'
Driver info: driver.version: unknown</message>
                <stack-trace>org.openqa.selenium.NoSuchElementException: Can't locate an element by this strategy: Locator map: 
- native content: "By.id: com.ebay.mobile:id/button_sign_in" 
- html content: "by id or name "aeSignInMain""
For documentation on this error, please visit: http://seleniumhq.org/exceptions/no_such_element.html
Build info: version: '2.53.0', revision: '35ae25b', time: '2016-03-15 17:00:58'
System info: host: 'CHDSEZ97152L.local', ip: '10.64.107.244', os.name: 'Mac OS X', os.arch: 'x86_64', os.version: '10.10.5', java.version: '1.8.0_45'
Driver info: driver.version: unknown
	at io.appium.java_client.pagefactory.AppiumElementLocator.findElement(AppiumElementLocator.java:169)
	at io.appium.java_client.pagefactory.ElementInterceptor.intercept(ElementInterceptor.java:30)
	at io.appium.java_client.android.AndroidElement$$EnhancerByCGLIB$$4c9e1703.toString(&lt;generated&gt;)
	at java.lang.String.valueOf(String.java:2982)
	at java.lang.StringBuilder.append(StringBuilder.java:131)
	at org.openqa.selenium.support.ui.ExpectedConditions$23.toString(ExpectedConditions.java:701)
	at org.openqa.selenium.support.ui.FluentWait.until(FluentWait.java:257)
	at com.infy.utils.Utils.clickCustom(Utils.java:43)
	at com.infy.pages.SignInPage.clickSignINMain(SignInPage.java:56)
	at com.infy.actions.ActionControllerLogin.performLogin(ActionControllerLogin.java:18)
	at com.infy.login.EbayTestCases.validateLogin(EbayTestCases.java:65)
	at sun.reflect.NativeMethodAccessorImpl.invoke0(Native Method)
	at sun.reflect.NativeMethodAccessorImpl.invoke(NativeMethodAccessorImpl.java:62)
	at sun.reflect.DelegatingMethodAccessorImpl.invoke(DelegatingMethodAccessorImpl.java:43)
	at java.lang.reflect.Method.invoke(Method.java:497)
	at org.testng.internal.MethodInvocationHelper.invokeMethod(MethodInvocationHelper.java:85)
	at org.testng.internal.Invoker.invokeMethod(Invoker.java:639)
	at org.testng.internal.Invoker.invokeTestMethod(Invoker.java:816)
	at org.testng.internal.Invoker.invokeTestMethods(Invoker.java:1124)
	at org.testng.internal.TestMethodWorker.invokeTestMethods(TestMethodWorker.java:125)
	at org.testng.internal.TestMethodWorker.run(TestMethodWorker.java:108)
	at org.testng.TestRunner.privateRun(TestRunner.java:774)
	at org.testng.TestRunner.run(TestRunner.java:624)
	at org.testng.SuiteRunner.runTest(SuiteRunner.java:359)
	at org.testng.SuiteRunner.runSequentially(SuiteRunner.java:354)
	at org.testng.SuiteRunner.privateRun(SuiteRunner.java:312)
	at org.testng.SuiteRunner.run(SuiteRunner.java:261)
	at org.testng.SuiteRunnerWorker.runSuite(SuiteRunnerWorker.java:52)
	at org.testng.SuiteRunnerWorker.run(SuiteRunnerWorker.java:86)
	at org.testng.TestNG.runSuitesSequentially(TestNG.java:1215)
	at org.testng.TestNG.runSuitesLocally(TestNG.java:1140)
	at org.testng.TestNG.run(TestNG.java:1048)
	at org.testng.remote.AbstractRemoteTestNG.run(AbstractRemoteTestNG.java:132)
	at org.testng.remote.RemoteTestNG.initAndRun(RemoteTestNG.java:230)
	at org.testng.remote.RemoteTestNG.main(RemoteTestNG.java:76)
</stack-trace>
            </failure>
            <steps/>
            <attachments/>
            <labels>
                <label name="host" value="CHDSEZ97152L.local"/>
                <label name="thread" value="31338@CHDSEZ97152L.local.main"/>
            </labels>
        </test-case>
        <test-case start="1520426096300" stop="1520426122431" status="broken">
            <name>validateLogin[null,test12345]</name>
            <failure>
                <message>NoSuchElementException: Can't locate an element by this strategy: Locator map: 
- native content: "By.id: com.ebay.mobile:id/button_sign_in" 
- html content: "by id or name "aeSignInMain""
For documentation on this error, please visit: http://seleniumhq.org/exceptions/no_such_element.html
Build info: version: '2.53.0', revision: '35ae25b', time: '2016-03-15 17:00:58'
System info: host: 'CHDSEZ97152L.local', ip: '10.64.107.244', os.name: 'Mac OS X', os.arch: 'x86_64', os.version: '10.10.5', java.version: '1.8.0_45'
Driver info: driver.version: unknown</message>
                <stack-trace>org.openqa.selenium.NoSuchElementException: Can't locate an element by this strategy: Locator map: 
- native content: "By.id: com.ebay.mobile:id/button_sign_in" 
- html content: "by id or name "aeSignInMain""
For documentation on this error, please visit: http://seleniumhq.org/exceptions/no_such_element.html
Build info: version: '2.53.0', revision: '35ae25b', time: '2016-03-15 17:00:58'
System info: host: 'CHDSEZ97152L.local', ip: '10.64.107.244', os.name: 'Mac OS X', os.arch: 'x86_64', os.version: '10.10.5', java.version: '1.8.0_45'
Driver info: driver.version: unknown
	at io.appium.java_client.pagefactory.AppiumElementLocator.findElement(AppiumElementLocator.java:169)
	at io.appium.java_client.pagefactory.ElementInterceptor.intercept(ElementInterceptor.java:30)
	at io.appium.java_client.android.AndroidElement$$EnhancerByCGLIB$$4c9e1703.toString(&lt;generated&gt;)
	at java.lang.String.valueOf(String.java:2982)
	at java.lang.StringBuilder.append(StringBuilder.java:131)
	at org.openqa.selenium.support.ui.ExpectedConditions$23.toString(ExpectedConditions.java:701)
	at org.openqa.selenium.support.ui.FluentWait.until(FluentWait.java:257)
	at com.infy.utils.Utils.clickCustom(Utils.java:43)
	at com.infy.pages.SignInPage.clickSignINMain(SignInPage.java:56)
	at com.infy.actions.ActionControllerLogin.performLogin(ActionControllerLogin.java:18)
	at com.infy.login.EbayTestCases.validateLogin(EbayTestCases.java:65)
	at sun.reflect.NativeMethodAccessorImpl.invoke0(Native Method)
	at sun.reflect.NativeMethodAccessorImpl.invoke(NativeMethodAccessorImpl.java:62)
	at sun.reflect.DelegatingMethodAccessorImpl.invoke(DelegatingMethodAccessorImpl.java:43)
	at java.lang.reflect.Method.invoke(Method.java:497)
	at org.testng.internal.MethodInvocationHelper.invokeMethod(MethodInvocationHelper.java:85)
	at org.testng.internal.Invoker.invokeMethod(Invoker.java:639)
	at org.testng.internal.Invoker.invokeTestMethod(Invoker.java:816)
	at org.testng.internal.Invoker.invokeTestMethods(Invoker.java:1124)
	at org.testng.internal.TestMethodWorker.invokeTestMethods(TestMethodWorker.java:125)
	at org.testng.internal.TestMethodWorker.run(TestMethodWorker.java:108)
	at org.testng.TestRunner.privateRun(TestRunner.java:774)
	at org.testng.TestRunner.run(TestRunner.java:624)
	at org.testng.SuiteRunner.runTest(SuiteRunner.java:359)
	at org.testng.SuiteRunner.runSequentially(SuiteRunner.java:354)
	at org.testng.SuiteRunner.privateRun(SuiteRunner.java:312)
	at org.testng.SuiteRunner.run(SuiteRunner.java:261)
	at org.testng.SuiteRunnerWorker.runSuite(SuiteRunnerWorker.java:52)
	at org.testng.SuiteRunnerWorker.run(SuiteRunnerWorker.java:86)
	at org.testng.TestNG.runSuitesSequentially(TestNG.java:1215)
	at org.testng.TestNG.runSuitesLocally(TestNG.java:1140)
	at org.testng.TestNG.run(TestNG.java:1048)
	at org.testng.remote.AbstractRemoteTestNG.run(AbstractRemoteTestNG.java:132)
	at org.testng.remote.RemoteTestNG.initAndRun(RemoteTestNG.java:230)
	at org.testng.remote.RemoteTestNG.main(RemoteTestNG.java:76)
</stack-trace>
            </failure>
            <steps/>
            <attachments/>
            <labels>
                <label name="host" value="CHDSEZ97152L.local"/>
                <label name="thread" value="31338@CHDSEZ97152L.local.main"/>
            </labels>
        </test-case>
        <test-case start="1520426122439" stop="1520433002588" status="broken">
            <name>validateLogin[null,null]</name>
            <failure>
                <message>SessionNotFoundException: A session is either terminated or not started (WARNING: The server did not provide any stacktrace information)
Command duration or timeout: 11 milliseconds
Build info: version: '2.53.0', revision: '35ae25b', time: '2016-03-15 17:00:58'
System info: host: 'CHDSEZ97152L.local', ip: 'fe80:0:0:0:7ed1:c3ff:fe74:8536%5', os.name: 'Mac OS X', os.arch: 'x86_64', os.version: '10.10.5', java.version: '1.8.0_45'
Driver info: io.appium.java_client.android.AndroidDriver
Capabilities [{app=/Users/chdsez97152lADM/Desktop/Karam/apk/com.ebay.mobile_v5.17.0.18-117_Android-5.0.apk, appPackage=com.ebay.mobile, deviceScreenSize=1440x2560, networkConnectionEnabled=true, warnings={}, appWaitPackage=com.ebay.mobile, appWaitActivity=com.ebay.mobile.activities.MainActivity, databaseEnabled=false, deviceName=ce11160bd260b42702, platform=LINUX, deviceUDID=ce11160bd260b42702, appActivity=com.ebay.mobile.activities.MainActivity, desired={app=/Users/chdsez97152lADM/Desktop/Karam/apk/com.ebay.mobile_v5.17.0.18-117_Android-5.0.apk, platformVersion=7.0, platformName=Android, deviceName=Moto G4 Plus}, platformVersion=7.0, webStorageEnabled=false, locationContextEnabled=false, takesScreenshot=true, javascriptEnabled=true, deviceModel=SM-G930F, platformName=Android, deviceManufacturer=samsung}]
Session ID: 78a35f7e-25bc-41d7-a2c6-86c320fe68a3</message>
                <stack-trace>org.openqa.selenium.remote.SessionNotFoundException: A session is either terminated or not started (WARNING: The server did not provide any stacktrace information)
Command duration or timeout: 11 milliseconds
Build info: version: '2.53.0', revision: '35ae25b', time: '2016-03-15 17:00:58'
System info: host: 'CHDSEZ97152L.local', ip: 'fe80:0:0:0:7ed1:c3ff:fe74:8536%5', os.name: 'Mac OS X', os.arch: 'x86_64', os.version: '10.10.5', java.version: '1.8.0_45'
Driver info: io.appium.java_client.android.AndroidDriver
Capabilities [{app=/Users/chdsez97152lADM/Desktop/Karam/apk/com.ebay.mobile_v5.17.0.18-117_Android-5.0.apk, appPackage=com.ebay.mobile, deviceScreenSize=1440x2560, networkConnectionEnabled=true, warnings={}, appWaitPackage=com.ebay.mobile, appWaitActivity=com.ebay.mobile.activities.MainActivity, databaseEnabled=false, deviceName=ce11160bd260b42702, platform=LINUX, deviceUDID=ce11160bd260b42702, appActivity=com.ebay.mobile.activities.MainActivity, desired={app=/Users/chdsez97152lADM/Desktop/Karam/apk/com.ebay.mobile_v5.17.0.18-117_Android-5.0.apk, platformVersion=7.0, platformName=Android, deviceName=Moto G4 Plus}, platformVersion=7.0, webStorageEnabled=false, locationContextEnabled=false, takesScreenshot=true, javascriptEnabled=true, deviceModel=SM-G930F, platformName=Android, deviceManufacturer=samsung}]
Session ID: 78a35f7e-25bc-41d7-a2c6-86c320fe68a3
	at sun.reflect.NativeConstructorAccessorImpl.newInstance0(Native Method)
	at sun.reflect.NativeConstructorAccessorImpl.newInstance(NativeConstructorAccessorImpl.java:62)
	at sun.reflect.DelegatingConstructorAccessorImpl.newInstance(DelegatingConstructorAccessorImpl.java:45)
	at java.lang.reflect.Constructor.newInstance(Constructor.java:422)
	at org.openqa.selenium.remote.ErrorHandler.createThrowable(ErrorHandler.java:206)
	at org.openqa.selenium.remote.ErrorHandler.throwIfResponseFailed(ErrorHandler.java:158)
	at org.openqa.selenium.remote.RemoteWebDriver.execute(RemoteWebDriver.java:678)
	at io.appium.java_client.DefaultGenericMobileDriver.execute(DefaultGenericMobileDriver.java:27)
	at io.appium.java_client.AppiumDriver.execute(AppiumDriver.java:1)
	at io.appium.java_client.android.AndroidDriver.execute(AndroidDriver.java:1)
	at org.openqa.selenium.remote.RemoteWebDriver$RemoteWebDriverOptions$RemoteTimeouts.implicitlyWait(RemoteWebDriver.java:865)
	at io.appium.java_client.pagefactory.AppiumElementLocator.changeImplicitlyWaitTimeOut(AppiumElementLocator.java:135)
	at io.appium.java_client.pagefactory.AppiumElementLocator.waitFor(AppiumElementLocator.java:153)
	at io.appium.java_client.pagefactory.AppiumElementLocator.findElement(AppiumElementLocator.java:165)
	at io.appium.java_client.pagefactory.ElementInterceptor.intercept(ElementInterceptor.java:30)
	at io.appium.java_client.android.AndroidElement$$EnhancerByCGLIB$$4c9e1703.toString(&lt;generated&gt;)
	at java.lang.String.valueOf(String.java:2982)
	at java.lang.StringBuilder.append(StringBuilder.java:131)
	at org.openqa.selenium.support.ui.ExpectedConditions$23.toString(ExpectedConditions.java:701)
	at org.openqa.selenium.support.ui.FluentWait.until(FluentWait.java:257)
	at com.infy.utils.Utils.clickCustom(Utils.java:43)
	at com.infy.pages.SignInPage.clickSignINMain(SignInPage.java:56)
	at com.infy.actions.ActionControllerLogin.performLogin(ActionControllerLogin.java:18)
	at com.infy.login.EbayTestCases.validateLogin(EbayTestCases.java:65)
	at sun.reflect.NativeMethodAccessorImpl.invoke0(Native Method)
	at sun.reflect.NativeMethodAccessorImpl.invoke(NativeMethodAccessorImpl.java:62)
	at sun.reflect.DelegatingMethodAccessorImpl.invoke(DelegatingMethodAccessorImpl.java:43)
	at java.lang.reflect.Method.invoke(Method.java:497)
	at org.testng.internal.MethodInvocationHelper.invokeMethod(MethodInvocationHelper.java:85)
	at org.testng.internal.Invoker.invokeMethod(Invoker.java:639)
	at org.testng.internal.Invoker.invokeTestMethod(Invoker.java:816)
	at org.testng.internal.Invoker.invokeTestMethods(Invoker.java:1124)
	at org.testng.internal.TestMethodWorker.invokeTestMethods(TestMethodWorker.java:125)
	at org.testng.internal.TestMethodWorker.run(TestMethodWorker.java:108)
	at org.testng.TestRunner.privateRun(TestRunner.java:774)
	at org.testng.TestRunner.run(TestRunner.java:624)
	at org.testng.SuiteRunner.runTest(SuiteRunner.java:359)
	at org.testng.SuiteRunner.runSequentially(SuiteRunner.java:354)
	at org.testng.SuiteRunner.privateRun(SuiteRunner.java:312)
	at org.testng.SuiteRunner.run(SuiteRunner.java:261)
	at org.testng.SuiteRunnerWorker.runSuite(SuiteRunnerWorker.java:52)
	at org.testng.SuiteRunnerWorker.run(SuiteRunnerWorker.java:86)
	at org.testng.TestNG.runSuitesSequentially(TestNG.java:1215)
	at org.testng.TestNG.runSuitesLocally(TestNG.java:1140)
	at org.testng.TestNG.run(TestNG.java:1048)
	at org.testng.remote.AbstractRemoteTestNG.run(AbstractRemoteTestNG.java:132)
	at org.testng.remote.RemoteTestNG.initAndRun(RemoteTestNG.java:230)
	at org.testng.remote.RemoteTestNG.main(RemoteTestNG.java:76)
</stack-trace>
            </failure>
            <steps/>
            <attachments/>
            <labels>
                <label name="host" value="CHDSEZ97152L.local"/>
                <label name="thread" value="31338@CHDSEZ97152L.local.main"/>
            </labels>
        </test-case>
        <test-case start="1520426122439" stop="1520433002588" status="broken">
            <name>validateLogin[null,null]</name>
            <failure>
                <message>SessionNotFoundException: A session is either terminated or not started (WARNING: The server did not provide any stacktrace information)
Command duration or timeout: 11 milliseconds
Build info: version: '2.53.0', revision: '35ae25b', time: '2016-03-15 17:00:58'
System info: host: 'CHDSEZ97152L.local', ip: 'fe80:0:0:0:7ed1:c3ff:fe74:8536%5', os.name: 'Mac OS X', os.arch: 'x86_64', os.version: '10.10.5', java.version: '1.8.0_45'
Driver info: io.appium.java_client.android.AndroidDriver
Capabilities [{app=/Users/chdsez97152lADM/Desktop/Karam/apk/com.ebay.mobile_v5.17.0.18-117_Android-5.0.apk, appPackage=com.ebay.mobile, deviceScreenSize=1440x2560, networkConnectionEnabled=true, warnings={}, appWaitPackage=com.ebay.mobile, appWaitActivity=com.ebay.mobile.activities.MainActivity, databaseEnabled=false, deviceName=ce11160bd260b42702, platform=LINUX, deviceUDID=ce11160bd260b42702, appActivity=com.ebay.mobile.activities.MainActivity, desired={app=/Users/chdsez97152lADM/Desktop/Karam/apk/com.ebay.mobile_v5.17.0.18-117_Android-5.0.apk, platformVersion=7.0, platformName=Android, deviceName=Moto G4 Plus}, platformVersion=7.0, webStorageEnabled=false, locationContextEnabled=false, takesScreenshot=true, javascriptEnabled=true, deviceModel=SM-G930F, platformName=Android, deviceManufacturer=samsung}]
Session ID: 78a35f7e-25bc-41d7-a2c6-86c320fe68a3</message>
                <stack-trace>org.openqa.selenium.remote.SessionNotFoundException: A session is either terminated or not started (WARNING: The server did not provide any stacktrace information)
Command duration or timeout: 11 milliseconds
Build info: version: '2.53.0', revision: '35ae25b', time: '2016-03-15 17:00:58'
System info: host: 'CHDSEZ97152L.local', ip: 'fe80:0:0:0:7ed1:c3ff:fe74:8536%5', os.name: 'Mac OS X', os.arch: 'x86_64', os.version: '10.10.5', java.version: '1.8.0_45'
Driver info: io.appium.java_client.android.AndroidDriver
Capabilities [{app=/Users/chdsez97152lADM/Desktop/Karam/apk/com.ebay.mobile_v5.17.0.18-117_Android-5.0.apk, appPackage=com.ebay.mobile, deviceScreenSize=1440x2560, networkConnectionEnabled=true, warnings={}, appWaitPackage=com.ebay.mobile, appWaitActivity=com.ebay.mobile.activities.MainActivity, databaseEnabled=false, deviceName=ce11160bd260b42702, platform=LINUX, deviceUDID=ce11160bd260b42702, appActivity=com.ebay.mobile.activities.MainActivity, desired={app=/Users/chdsez97152lADM/Desktop/Karam/apk/com.ebay.mobile_v5.17.0.18-117_Android-5.0.apk, platformVersion=7.0, platformName=Android, deviceName=Moto G4 Plus}, platformVersion=7.0, webStorageEnabled=false, locationContextEnabled=false, takesScreenshot=true, javascriptEnabled=true, deviceModel=SM-G930F, platformName=Android, deviceManufacturer=samsung}]
Session ID: 78a35f7e-25bc-41d7-a2c6-86c320fe68a3
	at sun.reflect.NativeConstructorAccessorImpl.newInstance0(Native Method)
	at sun.reflect.NativeConstructorAccessorImpl.newInstance(NativeConstructorAccessorImpl.java:62)
	at sun.reflect.DelegatingConstructorAccessorImpl.newInstance(DelegatingConstructorAccessorImpl.java:45)
	at java.lang.reflect.Constructor.newInstance(Constructor.java:422)
	at org.openqa.selenium.remote.ErrorHandler.createThrowable(ErrorHandler.java:206)
	at org.openqa.selenium.remote.ErrorHandler.throwIfResponseFailed(ErrorHandler.java:158)
	at org.openqa.selenium.remote.RemoteWebDriver.execute(RemoteWebDriver.java:678)
	at io.appium.java_client.DefaultGenericMobileDriver.execute(DefaultGenericMobileDriver.java:27)
	at io.appium.java_client.AppiumDriver.execute(AppiumDriver.java:1)
	at io.appium.java_client.android.AndroidDriver.execute(AndroidDriver.java:1)
	at org.openqa.selenium.remote.RemoteWebDriver$RemoteWebDriverOptions$RemoteTimeouts.implicitlyWait(RemoteWebDriver.java:865)
	at io.appium.java_client.pagefactory.AppiumElementLocator.changeImplicitlyWaitTimeOut(AppiumElementLocator.java:135)
	at io.appium.java_client.pagefactory.AppiumElementLocator.waitFor(AppiumElementLocator.java:153)
	at io.appium.java_client.pagefactory.AppiumElementLocator.findElement(AppiumElementLocator.java:165)
	at io.appium.java_client.pagefactory.ElementInterceptor.intercept(ElementInterceptor.java:30)
	at io.appium.java_client.android.AndroidElement$$EnhancerByCGLIB$$4c9e1703.toString(&lt;generated&gt;)
	at java.lang.String.valueOf(String.java:2982)
	at java.lang.StringBuilder.append(StringBuilder.java:131)
	at org.openqa.selenium.support.ui.ExpectedConditions$23.toString(ExpectedConditions.java:701)
	at org.openqa.selenium.support.ui.FluentWait.until(FluentWait.java:257)
	at com.infy.utils.Utils.clickCustom(Utils.java:43)
	at com.infy.pages.SignInPage.clickSignINMain(SignInPage.java:56)
	at com.infy.actions.ActionControllerLogin.performLogin(ActionControllerLogin.java:18)
	at com.infy.login.EbayTestCases.validateLogin(EbayTestCases.java:65)
	at sun.reflect.NativeMethodAccessorImpl.invoke0(Native Method)
	at sun.reflect.NativeMethodAccessorImpl.invoke(NativeMethodAccessorImpl.java:62)
	at sun.reflect.DelegatingMethodAccessorImpl.invoke(DelegatingMethodAccessorImpl.java:43)
	at java.lang.reflect.Method.invoke(Method.java:497)
	at org.testng.internal.MethodInvocationHelper.invokeMethod(MethodInvocationHelper.java:85)
	at org.testng.internal.Invoker.invokeMethod(Invoker.java:639)
	at org.testng.internal.Invoker.invokeTestMethod(Invoker.java:816)
	at org.testng.internal.Invoker.invokeTestMethods(Invoker.java:1124)
	at org.testng.internal.TestMethodWorker.invokeTestMethods(TestMethodWorker.java:125)
	at org.testng.internal.TestMethodWorker.run(TestMethodWorker.java:108)
	at org.testng.TestRunner.privateRun(TestRunner.java:774)
	at org.testng.TestRunner.run(TestRunner.java:624)
	at org.testng.SuiteRunner.runTest(SuiteRunner.java:359)
	at org.testng.SuiteRunner.runSequentially(SuiteRunner.java:354)
	at org.testng.SuiteRunner.privateRun(SuiteRunner.java:312)
	at org.testng.SuiteRunner.run(SuiteRunner.java:261)
	at org.testng.SuiteRunnerWorker.runSuite(SuiteRunnerWorker.java:52)
	at org.testng.SuiteRunnerWorker.run(SuiteRunnerWorker.java:86)
	at org.testng.TestNG.runSuitesSequentially(TestNG.java:1215)
	at org.testng.TestNG.runSuitesLocally(TestNG.java:1140)
	at org.testng.TestNG.run(TestNG.java:1048)
	at org.testng.remote.AbstractRemoteTestNG.run(AbstractRemoteTestNG.java:132)
	at org.testng.remote.RemoteTestNG.initAndRun(RemoteTestNG.java:230)
	at org.testng.remote.RemoteTestNG.main(RemoteTestNG.java:76)
</stack-trace>
            </failure>
            <steps/>
            <attachments/>
            <labels>
                <label name="host" value="CHDSEZ97152L.local"/>
                <label name="thread" value="31338@CHDSEZ97152L.local.main"/>
            </labels>
        </test-case>
    </test-cases>
    <labels>
        <label name="framework" value="TestNG"/>
        <label name="language" value="JAVA"/>
    </labels>
</ns2:test-suite>
