<?xml version="1.0" encoding="UTF-8" standalone="yes"?>
<ns2:test-suite xmlns:ns2="urn:model.allure.qatools.yandex.ru" start="1520509528291" stop="1520509645704" version="1.4.8">
    <name>Default suite</name>
    <title>Default suite : Default test[]</title>
    <test-cases>
        <test-case start="1520509550566" stop="1520509579632" status="passed">
            <name>validateLogin[nikhil.forever19@gmail.com,test1234]</name>
            <steps/>
            <attachments/>
            <labels>
                <label name="host" value="CHDSEZ97152L.local"/>
                <label name="thread" value="43329@CHDSEZ97152L.local.main"/>
            </labels>
        </test-case>
        <test-case start="1520509550566" stop="1520509579632" status="passed">
            <name>validateLogin[nikhil.forever19@gmail.com,test1234]</name>
            <steps/>
            <attachments/>
            <labels>
                <label name="host" value="CHDSEZ97152L.local"/>
                <label name="thread" value="43329@CHDSEZ97152L.local.main"/>
            </labels>
        </test-case>
        <test-case start="1520509579696" stop="1520509597775" status="passed">
            <name>validateSearchItem</name>
            <steps/>
            <attachments/>
            <labels>
                <label name="host" value="CHDSEZ97152L.local"/>
                <label name="thread" value="43329@CHDSEZ97152L.local.main"/>
            </labels>
        </test-case>
        <test-case start="1520509579696" stop="1520509597775" status="passed">
            <name>validateSearchItem</name>
            <steps/>
            <attachments/>
            <labels>
                <label name="host" value="CHDSEZ97152L.local"/>
                <label name="thread" value="43329@CHDSEZ97152L.local.main"/>
            </labels>
        </test-case>
        <test-case start="1520509597783" stop="1520509610080" status="passed">
            <name>validateItemBought</name>
            <steps/>
            <attachments/>
            <labels>
                <label name="host" value="CHDSEZ97152L.local"/>
                <label name="thread" value="43329@CHDSEZ97152L.local.main"/>
            </labels>
        </test-case>
        <test-case start="1520509597783" stop="1520509610080" status="passed">
            <name>validateItemBought</name>
            <steps/>
            <attachments/>
            <labels>
                <label name="host" value="CHDSEZ97152L.local"/>
                <label name="thread" value="43329@CHDSEZ97152L.local.main"/>
            </labels>
        </test-case>
        <test-case start="1520509610086" stop="1520509611917" status="broken">
            <name>setAddressDetails</name>
            <failure>
                <message>NoSuchElementException: Can't locate an element by this strategy: Locator map: 
- native content: "By.id: address1" 
- html content: "by id or name "aeAddressLine1""
For documentation on this error, please visit: http://seleniumhq.org/exceptions/no_such_element.html
Build info: version: '2.53.0', revision: '35ae25b', time: '2016-03-15 17:00:58'
System info: host: 'CHDSEZ97152L.local', ip: '10.64.96.140', os.name: 'Mac OS X', os.arch: 'x86_64', os.version: '10.10.5', java.version: '1.8.0_45'
Driver info: driver.version: unknown</message>
                <stack-trace>org.openqa.selenium.NoSuchElementException: Can't locate an element by this strategy: Locator map: 
- native content: "By.id: address1" 
- html content: "by id or name "aeAddressLine1""
For documentation on this error, please visit: http://seleniumhq.org/exceptions/no_such_element.html
Build info: version: '2.53.0', revision: '35ae25b', time: '2016-03-15 17:00:58'
System info: host: 'CHDSEZ97152L.local', ip: '10.64.96.140', os.name: 'Mac OS X', os.arch: 'x86_64', os.version: '10.10.5', java.version: '1.8.0_45'
Driver info: driver.version: unknown
	at io.appium.java_client.pagefactory.AppiumElementLocator.findElement(AppiumElementLocator.java:169)
	at io.appium.java_client.pagefactory.ElementInterceptor.intercept(ElementInterceptor.java:30)
	at io.appium.java_client.android.AndroidElement$$EnhancerByCGLIB$$f16bb650.sendKeys(&lt;generated&gt;)
	at com.infy.pages.AddressDetails.setAddressLine1(AddressDetails.java:57)
	at com.infy.actions.ActionControllerAddress.enterAddress(ActionControllerAddress.java:25)
	at com.infy.testcases.EbayTestCases.setAddressDetails(EbayTestCases.java:102)
	at sun.reflect.NativeMethodAccessorImpl.invoke0(Native Method)
	at sun.reflect.NativeMethodAccessorImpl.invoke(NativeMethodAccessorImpl.java:62)
	at sun.reflect.DelegatingMethodAccessorImpl.invoke(DelegatingMethodAccessorImpl.java:43)
	at java.lang.reflect.Method.invoke(Method.java:497)
	at org.testng.internal.MethodInvocationHelper.invokeMethod(MethodInvocationHelper.java:85)
	at org.testng.internal.Invoker.invokeMethod(Invoker.java:639)
	at org.testng.internal.Invoker.invokeTestMethod(Invoker.java:816)
	at org.testng.internal.Invoker.invokeTestMethods(Invoker.java:1124)
	at org.testng.internal.TestMethodWorker.invokeTestMethods(TestMethodWorker.java:125)
	at org.testng.internal.TestMethodWorker.run(TestMethodWorker.java:108)
	at org.testng.TestRunner.privateRun(TestRunner.java:774)
	at org.testng.TestRunner.run(TestRunner.java:624)
	at org.testng.SuiteRunner.runTest(SuiteRunner.java:359)
	at org.testng.SuiteRunner.runSequentially(SuiteRunner.java:354)
	at org.testng.SuiteRunner.privateRun(SuiteRunner.java:312)
	at org.testng.SuiteRunner.run(SuiteRunner.java:261)
	at org.testng.SuiteRunnerWorker.runSuite(SuiteRunnerWorker.java:52)
	at org.testng.SuiteRunnerWorker.run(SuiteRunnerWorker.java:86)
	at org.testng.TestNG.runSuitesSequentially(TestNG.java:1215)
	at org.testng.TestNG.runSuitesLocally(TestNG.java:1140)
	at org.testng.TestNG.run(TestNG.java:1048)
	at org.testng.remote.AbstractRemoteTestNG.run(AbstractRemoteTestNG.java:132)
	at org.testng.remote.RemoteTestNG.initAndRun(RemoteTestNG.java:230)
	at org.testng.remote.RemoteTestNG.main(RemoteTestNG.java:76)
</stack-trace>
            </failure>
            <steps/>
            <attachments/>
            <labels>
                <label name="host" value="CHDSEZ97152L.local"/>
                <label name="thread" value="43329@CHDSEZ97152L.local.main"/>
            </labels>
        </test-case>
        <test-case start="1520509610086" stop="1520509611917" status="broken">
            <name>setAddressDetails</name>
            <failure>
                <message>NoSuchElementException: Can't locate an element by this strategy: Locator map: 
- native content: "By.id: address1" 
- html content: "by id or name "aeAddressLine1""
For documentation on this error, please visit: http://seleniumhq.org/exceptions/no_such_element.html
Build info: version: '2.53.0', revision: '35ae25b', time: '2016-03-15 17:00:58'
System info: host: 'CHDSEZ97152L.local', ip: '10.64.96.140', os.name: 'Mac OS X', os.arch: 'x86_64', os.version: '10.10.5', java.version: '1.8.0_45'
Driver info: driver.version: unknown</message>
                <stack-trace>org.openqa.selenium.NoSuchElementException: Can't locate an element by this strategy: Locator map: 
- native content: "By.id: address1" 
- html content: "by id or name "aeAddressLine1""
For documentation on this error, please visit: http://seleniumhq.org/exceptions/no_such_element.html
Build info: version: '2.53.0', revision: '35ae25b', time: '2016-03-15 17:00:58'
System info: host: 'CHDSEZ97152L.local', ip: '10.64.96.140', os.name: 'Mac OS X', os.arch: 'x86_64', os.version: '10.10.5', java.version: '1.8.0_45'
Driver info: driver.version: unknown
	at io.appium.java_client.pagefactory.AppiumElementLocator.findElement(AppiumElementLocator.java:169)
	at io.appium.java_client.pagefactory.ElementInterceptor.intercept(ElementInterceptor.java:30)
	at io.appium.java_client.android.AndroidElement$$EnhancerByCGLIB$$f16bb650.sendKeys(&lt;generated&gt;)
	at com.infy.pages.AddressDetails.setAddressLine1(AddressDetails.java:57)
	at com.infy.actions.ActionControllerAddress.enterAddress(ActionControllerAddress.java:25)
	at com.infy.testcases.EbayTestCases.setAddressDetails(EbayTestCases.java:102)
	at sun.reflect.NativeMethodAccessorImpl.invoke0(Native Method)
	at sun.reflect.NativeMethodAccessorImpl.invoke(NativeMethodAccessorImpl.java:62)
	at sun.reflect.DelegatingMethodAccessorImpl.invoke(DelegatingMethodAccessorImpl.java:43)
	at java.lang.reflect.Method.invoke(Method.java:497)
	at org.testng.internal.MethodInvocationHelper.invokeMethod(MethodInvocationHelper.java:85)
	at org.testng.internal.Invoker.invokeMethod(Invoker.java:639)
	at org.testng.internal.Invoker.invokeTestMethod(Invoker.java:816)
	at org.testng.internal.Invoker.invokeTestMethods(Invoker.java:1124)
	at org.testng.internal.TestMethodWorker.invokeTestMethods(TestMethodWorker.java:125)
	at org.testng.internal.TestMethodWorker.run(TestMethodWorker.java:108)
	at org.testng.TestRunner.privateRun(TestRunner.java:774)
	at org.testng.TestRunner.run(TestRunner.java:624)
	at org.testng.SuiteRunner.runTest(SuiteRunner.java:359)
	at org.testng.SuiteRunner.runSequentially(SuiteRunner.java:354)
	at org.testng.SuiteRunner.privateRun(SuiteRunner.java:312)
	at org.testng.SuiteRunner.run(SuiteRunner.java:261)
	at org.testng.SuiteRunnerWorker.runSuite(SuiteRunnerWorker.java:52)
	at org.testng.SuiteRunnerWorker.run(SuiteRunnerWorker.java:86)
	at org.testng.TestNG.runSuitesSequentially(TestNG.java:1215)
	at org.testng.TestNG.runSuitesLocally(TestNG.java:1140)
	at org.testng.TestNG.run(TestNG.java:1048)
	at org.testng.remote.AbstractRemoteTestNG.run(AbstractRemoteTestNG.java:132)
	at org.testng.remote.RemoteTestNG.initAndRun(RemoteTestNG.java:230)
	at org.testng.remote.RemoteTestNG.main(RemoteTestNG.java:76)
</stack-trace>
            </failure>
            <steps/>
            <attachments/>
            <labels>
                <label name="host" value="CHDSEZ97152L.local"/>
                <label name="thread" value="43329@CHDSEZ97152L.local.main"/>
            </labels>
        </test-case>
        <test-case start="1520509611925" stop="1520509645199" status="broken">
            <name>setPaymentDetails</name>
            <failure>
                <message>InvalidSelectorException: Argument was an invalid selector (e.g. XPath/CSS). (WARNING: The server did not provide any stacktrace information)
Command duration or timeout: 15 milliseconds
For documentation on this error, please visit: http://seleniumhq.org/exceptions/invalid_selector_exception.html
Build info: version: '2.53.0', revision: '35ae25b', time: '2016-03-15 17:00:58'
System info: host: 'CHDSEZ97152L.local', ip: '10.64.96.140', os.name: 'Mac OS X', os.arch: 'x86_64', os.version: '10.10.5', java.version: '1.8.0_45'
Driver info: io.appium.java_client.android.AndroidDriver
Capabilities [{app=/Users/chdsez97152lADM/Desktop/Karam/apk/com.ebay.mobile_v5.17.0.18-117_Android-5.0.apk, appPackage=com.ebay.mobile, deviceScreenSize=1080x1920, networkConnectionEnabled=true, warnings={}, appWaitPackage=com.ebay.mobile, appWaitActivity=com.ebay.mobile.activities.MainActivity, databaseEnabled=false, deviceName=ZY223F6KGH, platform=LINUX, deviceUDID=ZY223F6KGH, appActivity=com.ebay.mobile.activities.MainActivity, desired={app=/Users/chdsez97152lADM/Desktop/Karam/apk/com.ebay.mobile_v5.17.0.18-117_Android-5.0.apk, platformVersion=7.0, platformName=Android, deviceName=Moto G4 Plus}, platformVersion=7.0, webStorageEnabled=false, locationContextEnabled=false, takesScreenshot=true, javascriptEnabled=true, deviceModel=Moto G (4), platformName=Android, deviceManufacturer=motorola}]
Session ID: 82e5cf16-4b89-4207-bc04-d689a77046b9
*** Element info: {Using=xpath, value=//android.view.View[@text='Rs. 229,000.00')]}</message>
                <stack-trace>org.openqa.selenium.InvalidSelectorException: Argument was an invalid selector (e.g. XPath/CSS). (WARNING: The server did not provide any stacktrace information)
Command duration or timeout: 15 milliseconds
For documentation on this error, please visit: http://seleniumhq.org/exceptions/invalid_selector_exception.html
Build info: version: '2.53.0', revision: '35ae25b', time: '2016-03-15 17:00:58'
System info: host: 'CHDSEZ97152L.local', ip: '10.64.96.140', os.name: 'Mac OS X', os.arch: 'x86_64', os.version: '10.10.5', java.version: '1.8.0_45'
Driver info: io.appium.java_client.android.AndroidDriver
Capabilities [{app=/Users/chdsez97152lADM/Desktop/Karam/apk/com.ebay.mobile_v5.17.0.18-117_Android-5.0.apk, appPackage=com.ebay.mobile, deviceScreenSize=1080x1920, networkConnectionEnabled=true, warnings={}, appWaitPackage=com.ebay.mobile, appWaitActivity=com.ebay.mobile.activities.MainActivity, databaseEnabled=false, deviceName=ZY223F6KGH, platform=LINUX, deviceUDID=ZY223F6KGH, appActivity=com.ebay.mobile.activities.MainActivity, desired={app=/Users/chdsez97152lADM/Desktop/Karam/apk/com.ebay.mobile_v5.17.0.18-117_Android-5.0.apk, platformVersion=7.0, platformName=Android, deviceName=Moto G4 Plus}, platformVersion=7.0, webStorageEnabled=false, locationContextEnabled=false, takesScreenshot=true, javascriptEnabled=true, deviceModel=Moto G (4), platformName=Android, deviceManufacturer=motorola}]
Session ID: 82e5cf16-4b89-4207-bc04-d689a77046b9
*** Element info: {Using=xpath, value=//android.view.View[@text='Rs. 229,000.00')]}
	at sun.reflect.GeneratedConstructorAccessor15.newInstance(Unknown Source)
	at sun.reflect.DelegatingConstructorAccessorImpl.newInstance(DelegatingConstructorAccessorImpl.java:45)
	at java.lang.reflect.Constructor.newInstance(Constructor.java:422)
	at org.openqa.selenium.remote.ErrorHandler.createThrowable(ErrorHandler.java:206)
	at org.openqa.selenium.remote.ErrorHandler.throwIfResponseFailed(ErrorHandler.java:158)
	at org.openqa.selenium.remote.RemoteWebDriver.execute(RemoteWebDriver.java:678)
	at io.appium.java_client.DefaultGenericMobileDriver.execute(DefaultGenericMobileDriver.java:27)
	at io.appium.java_client.AppiumDriver.execute(AppiumDriver.java:1)
	at io.appium.java_client.android.AndroidDriver.execute(AndroidDriver.java:1)
	at org.openqa.selenium.remote.RemoteWebDriver.findElements(RemoteWebDriver.java:388)
	at org.openqa.selenium.remote.RemoteWebDriver.findElementsByXPath(RemoteWebDriver.java:504)
	at io.appium.java_client.DefaultGenericMobileDriver.findElementsByXPath(DefaultGenericMobileDriver.java:103)
	at io.appium.java_client.AppiumDriver.findElementsByXPath(AppiumDriver.java:159)
	at org.openqa.selenium.By$ByXPath.findElements(By.java:356)
	at org.openqa.selenium.remote.RemoteWebDriver.findElements(RemoteWebDriver.java:351)
	at io.appium.java_client.DefaultGenericMobileDriver.findElements(DefaultGenericMobileDriver.java:32)
	at io.appium.java_client.AppiumDriver.findElements(AppiumDriver.java:126)
	at io.appium.java_client.pagefactory.ContentMappedBy.findElements(ContentMappedBy.java:35)
	at org.openqa.selenium.remote.RemoteWebDriver.findElements(RemoteWebDriver.java:351)
	at io.appium.java_client.DefaultGenericMobileDriver.findElements(DefaultGenericMobileDriver.java:32)
	at io.appium.java_client.AppiumDriver.findElements(AppiumDriver.java:126)
	at io.appium.java_client.pagefactory.AppiumElementLocator$WaitingFunction.apply(AppiumElementLocator.java:34)
	at io.appium.java_client.pagefactory.AppiumElementLocator$WaitingFunction.apply(AppiumElementLocator.java:1)
	at org.openqa.selenium.support.ui.FluentWait.until(FluentWait.java:238)
	at io.appium.java_client.pagefactory.AppiumElementLocator.waitFor(AppiumElementLocator.java:149)
	at io.appium.java_client.pagefactory.AppiumElementLocator.findElement(AppiumElementLocator.java:165)
	at io.appium.java_client.pagefactory.ElementInterceptor.intercept(ElementInterceptor.java:30)
	at io.appium.java_client.android.AndroidElement$$EnhancerByCGLIB$$f16bb650.toString(&lt;generated&gt;)
	at java.lang.String.valueOf(String.java:2982)
	at java.lang.StringBuilder.append(StringBuilder.java:131)
	at org.openqa.selenium.support.ui.ExpectedConditions$10.toString(ExpectedConditions.java:293)
	at org.openqa.selenium.support.ui.FluentWait.until(FluentWait.java:257)
	at com.infy.pages.PaymentDetails.getProdPriceSumText(PaymentDetails.java:140)
	at com.infy.actions.ActionControllerPayment.performAssertion(ActionControllerPayment.java:54)
	at com.infy.testcases.EbayTestCases.setPaymentDetails(EbayTestCases.java:117)
	at sun.reflect.NativeMethodAccessorImpl.invoke0(Native Method)
	at sun.reflect.NativeMethodAccessorImpl.invoke(NativeMethodAccessorImpl.java:62)
	at sun.reflect.DelegatingMethodAccessorImpl.invoke(DelegatingMethodAccessorImpl.java:43)
	at java.lang.reflect.Method.invoke(Method.java:497)
	at org.testng.internal.MethodInvocationHelper.invokeMethod(MethodInvocationHelper.java:85)
	at org.testng.internal.Invoker.invokeMethod(Invoker.java:639)
	at org.testng.internal.Invoker.invokeTestMethod(Invoker.java:816)
	at org.testng.internal.Invoker.invokeTestMethods(Invoker.java:1124)
	at org.testng.internal.TestMethodWorker.invokeTestMethods(TestMethodWorker.java:125)
	at org.testng.internal.TestMethodWorker.run(TestMethodWorker.java:108)
	at org.testng.TestRunner.privateRun(TestRunner.java:774)
	at org.testng.TestRunner.run(TestRunner.java:624)
	at org.testng.SuiteRunner.runTest(SuiteRunner.java:359)
	at org.testng.SuiteRunner.runSequentially(SuiteRunner.java:354)
	at org.testng.SuiteRunner.privateRun(SuiteRunner.java:312)
	at org.testng.SuiteRunner.run(SuiteRunner.java:261)
	at org.testng.SuiteRunnerWorker.runSuite(SuiteRunnerWorker.java:52)
	at org.testng.SuiteRunnerWorker.run(SuiteRunnerWorker.java:86)
	at org.testng.TestNG.runSuitesSequentially(TestNG.java:1215)
	at org.testng.TestNG.runSuitesLocally(TestNG.java:1140)
	at org.testng.TestNG.run(TestNG.java:1048)
	at org.testng.remote.AbstractRemoteTestNG.run(AbstractRemoteTestNG.java:132)
	at org.testng.remote.RemoteTestNG.initAndRun(RemoteTestNG.java:230)
	at org.testng.remote.RemoteTestNG.main(RemoteTestNG.java:76)
</stack-trace>
            </failure>
            <steps/>
            <attachments/>
            <labels>
                <label name="host" value="CHDSEZ97152L.local"/>
                <label name="thread" value="43329@CHDSEZ97152L.local.main"/>
            </labels>
        </test-case>
        <test-case start="1520509611925" stop="1520509645199" status="broken">
            <name>setPaymentDetails</name>
            <failure>
                <message>InvalidSelectorException: Argument was an invalid selector (e.g. XPath/CSS). (WARNING: The server did not provide any stacktrace information)
Command duration or timeout: 15 milliseconds
For documentation on this error, please visit: http://seleniumhq.org/exceptions/invalid_selector_exception.html
Build info: version: '2.53.0', revision: '35ae25b', time: '2016-03-15 17:00:58'
System info: host: 'CHDSEZ97152L.local', ip: '10.64.96.140', os.name: 'Mac OS X', os.arch: 'x86_64', os.version: '10.10.5', java.version: '1.8.0_45'
Driver info: io.appium.java_client.android.AndroidDriver
Capabilities [{app=/Users/chdsez97152lADM/Desktop/Karam/apk/com.ebay.mobile_v5.17.0.18-117_Android-5.0.apk, appPackage=com.ebay.mobile, deviceScreenSize=1080x1920, networkConnectionEnabled=true, warnings={}, appWaitPackage=com.ebay.mobile, appWaitActivity=com.ebay.mobile.activities.MainActivity, databaseEnabled=false, deviceName=ZY223F6KGH, platform=LINUX, deviceUDID=ZY223F6KGH, appActivity=com.ebay.mobile.activities.MainActivity, desired={app=/Users/chdsez97152lADM/Desktop/Karam/apk/com.ebay.mobile_v5.17.0.18-117_Android-5.0.apk, platformVersion=7.0, platformName=Android, deviceName=Moto G4 Plus}, platformVersion=7.0, webStorageEnabled=false, locationContextEnabled=false, takesScreenshot=true, javascriptEnabled=true, deviceModel=Moto G (4), platformName=Android, deviceManufacturer=motorola}]
Session ID: 82e5cf16-4b89-4207-bc04-d689a77046b9
*** Element info: {Using=xpath, value=//android.view.View[@text='Rs. 229,000.00')]}</message>
                <stack-trace>org.openqa.selenium.InvalidSelectorException: Argument was an invalid selector (e.g. XPath/CSS). (WARNING: The server did not provide any stacktrace information)
Command duration or timeout: 15 milliseconds
For documentation on this error, please visit: http://seleniumhq.org/exceptions/invalid_selector_exception.html
Build info: version: '2.53.0', revision: '35ae25b', time: '2016-03-15 17:00:58'
System info: host: 'CHDSEZ97152L.local', ip: '10.64.96.140', os.name: 'Mac OS X', os.arch: 'x86_64', os.version: '10.10.5', java.version: '1.8.0_45'
Driver info: io.appium.java_client.android.AndroidDriver
Capabilities [{app=/Users/chdsez97152lADM/Desktop/Karam/apk/com.ebay.mobile_v5.17.0.18-117_Android-5.0.apk, appPackage=com.ebay.mobile, deviceScreenSize=1080x1920, networkConnectionEnabled=true, warnings={}, appWaitPackage=com.ebay.mobile, appWaitActivity=com.ebay.mobile.activities.MainActivity, databaseEnabled=false, deviceName=ZY223F6KGH, platform=LINUX, deviceUDID=ZY223F6KGH, appActivity=com.ebay.mobile.activities.MainActivity, desired={app=/Users/chdsez97152lADM/Desktop/Karam/apk/com.ebay.mobile_v5.17.0.18-117_Android-5.0.apk, platformVersion=7.0, platformName=Android, deviceName=Moto G4 Plus}, platformVersion=7.0, webStorageEnabled=false, locationContextEnabled=false, takesScreenshot=true, javascriptEnabled=true, deviceModel=Moto G (4), platformName=Android, deviceManufacturer=motorola}]
Session ID: 82e5cf16-4b89-4207-bc04-d689a77046b9
*** Element info: {Using=xpath, value=//android.view.View[@text='Rs. 229,000.00')]}
	at sun.reflect.GeneratedConstructorAccessor15.newInstance(Unknown Source)
	at sun.reflect.DelegatingConstructorAccessorImpl.newInstance(DelegatingConstructorAccessorImpl.java:45)
	at java.lang.reflect.Constructor.newInstance(Constructor.java:422)
	at org.openqa.selenium.remote.ErrorHandler.createThrowable(ErrorHandler.java:206)
	at org.openqa.selenium.remote.ErrorHandler.throwIfResponseFailed(ErrorHandler.java:158)
	at org.openqa.selenium.remote.RemoteWebDriver.execute(RemoteWebDriver.java:678)
	at io.appium.java_client.DefaultGenericMobileDriver.execute(DefaultGenericMobileDriver.java:27)
	at io.appium.java_client.AppiumDriver.execute(AppiumDriver.java:1)
	at io.appium.java_client.android.AndroidDriver.execute(AndroidDriver.java:1)
	at org.openqa.selenium.remote.RemoteWebDriver.findElements(RemoteWebDriver.java:388)
	at org.openqa.selenium.remote.RemoteWebDriver.findElementsByXPath(RemoteWebDriver.java:504)
	at io.appium.java_client.DefaultGenericMobileDriver.findElementsByXPath(DefaultGenericMobileDriver.java:103)
	at io.appium.java_client.AppiumDriver.findElementsByXPath(AppiumDriver.java:159)
	at org.openqa.selenium.By$ByXPath.findElements(By.java:356)
	at org.openqa.selenium.remote.RemoteWebDriver.findElements(RemoteWebDriver.java:351)
	at io.appium.java_client.DefaultGenericMobileDriver.findElements(DefaultGenericMobileDriver.java:32)
	at io.appium.java_client.AppiumDriver.findElements(AppiumDriver.java:126)
	at io.appium.java_client.pagefactory.ContentMappedBy.findElements(ContentMappedBy.java:35)
	at org.openqa.selenium.remote.RemoteWebDriver.findElements(RemoteWebDriver.java:351)
	at io.appium.java_client.DefaultGenericMobileDriver.findElements(DefaultGenericMobileDriver.java:32)
	at io.appium.java_client.AppiumDriver.findElements(AppiumDriver.java:126)
	at io.appium.java_client.pagefactory.AppiumElementLocator$WaitingFunction.apply(AppiumElementLocator.java:34)
	at io.appium.java_client.pagefactory.AppiumElementLocator$WaitingFunction.apply(AppiumElementLocator.java:1)
	at org.openqa.selenium.support.ui.FluentWait.until(FluentWait.java:238)
	at io.appium.java_client.pagefactory.AppiumElementLocator.waitFor(AppiumElementLocator.java:149)
	at io.appium.java_client.pagefactory.AppiumElementLocator.findElement(AppiumElementLocator.java:165)
	at io.appium.java_client.pagefactory.ElementInterceptor.intercept(ElementInterceptor.java:30)
	at io.appium.java_client.android.AndroidElement$$EnhancerByCGLIB$$f16bb650.toString(&lt;generated&gt;)
	at java.lang.String.valueOf(String.java:2982)
	at java.lang.StringBuilder.append(StringBuilder.java:131)
	at org.openqa.selenium.support.ui.ExpectedConditions$10.toString(ExpectedConditions.java:293)
	at org.openqa.selenium.support.ui.FluentWait.until(FluentWait.java:257)
	at com.infy.pages.PaymentDetails.getProdPriceSumText(PaymentDetails.java:140)
	at com.infy.actions.ActionControllerPayment.performAssertion(ActionControllerPayment.java:54)
	at com.infy.testcases.EbayTestCases.setPaymentDetails(EbayTestCases.java:117)
	at sun.reflect.NativeMethodAccessorImpl.invoke0(Native Method)
	at sun.reflect.NativeMethodAccessorImpl.invoke(NativeMethodAccessorImpl.java:62)
	at sun.reflect.DelegatingMethodAccessorImpl.invoke(DelegatingMethodAccessorImpl.java:43)
	at java.lang.reflect.Method.invoke(Method.java:497)
	at org.testng.internal.MethodInvocationHelper.invokeMethod(MethodInvocationHelper.java:85)
	at org.testng.internal.Invoker.invokeMethod(Invoker.java:639)
	at org.testng.internal.Invoker.invokeTestMethod(Invoker.java:816)
	at org.testng.internal.Invoker.invokeTestMethods(Invoker.java:1124)
	at org.testng.internal.TestMethodWorker.invokeTestMethods(TestMethodWorker.java:125)
	at org.testng.internal.TestMethodWorker.run(TestMethodWorker.java:108)
	at org.testng.TestRunner.privateRun(TestRunner.java:774)
	at org.testng.TestRunner.run(TestRunner.java:624)
	at org.testng.SuiteRunner.runTest(SuiteRunner.java:359)
	at org.testng.SuiteRunner.runSequentially(SuiteRunner.java:354)
	at org.testng.SuiteRunner.privateRun(SuiteRunner.java:312)
	at org.testng.SuiteRunner.run(SuiteRunner.java:261)
	at org.testng.SuiteRunnerWorker.runSuite(SuiteRunnerWorker.java:52)
	at org.testng.SuiteRunnerWorker.run(SuiteRunnerWorker.java:86)
	at org.testng.TestNG.runSuitesSequentially(TestNG.java:1215)
	at org.testng.TestNG.runSuitesLocally(TestNG.java:1140)
	at org.testng.TestNG.run(TestNG.java:1048)
	at org.testng.remote.AbstractRemoteTestNG.run(AbstractRemoteTestNG.java:132)
	at org.testng.remote.RemoteTestNG.initAndRun(RemoteTestNG.java:230)
	at org.testng.remote.RemoteTestNG.main(RemoteTestNG.java:76)
</stack-trace>
            </failure>
            <steps/>
            <attachments/>
            <labels>
                <label name="host" value="CHDSEZ97152L.local"/>
                <label name="thread" value="43329@CHDSEZ97152L.local.main"/>
            </labels>
        </test-case>
    </test-cases>
    <labels>
        <label name="framework" value="TestNG"/>
        <label name="language" value="JAVA"/>
    </labels>
</ns2:test-suite>
