<?xml version="1.0" encoding="UTF-8"?>
<testng-results skipped="0" failed="1" total="5" passed="4">
  <reporter-output>
  </reporter-output>
  <suite name="Default suite" duration-ms="176950" started-at="2018-03-08T12:41:26Z" finished-at="2018-03-08T12:44:23Z">
    <groups>
    </groups>
    <test name="Default test" duration-ms="176950" started-at="2018-03-08T12:41:26Z" finished-at="2018-03-08T12:44:23Z">
      <class name="com.infy.testcases.EbayTestCases">
        <test-method status="PASS" signature="startReport()[pri:0, instance:com.infy.testcases.EbayTestCases@131276c2]" name="startReport" is-config="true" duration-ms="318" started-at="2018-03-08T18:11:26Z" finished-at="2018-03-08T18:11:27Z">
          <reporter-output>
          </reporter-output>
        </test-method> <!-- startReport -->
        <test-method status="PASS" signature="mainSetUp()[pri:0, instance:com.infy.testcases.EbayTestCases@131276c2]" name="mainSetUp" is-config="true" duration-ms="34734" started-at="2018-03-08T18:11:27Z" depends-on-methods="com.infy.utils.ExtentReportsClass.startReport" finished-at="2018-03-08T18:12:01Z">
          <reporter-output>
          </reporter-output>
        </test-method> <!-- mainSetUp -->
        <test-method status="PASS" signature="validateLogin(java.lang.String, java.lang.String)[pri:0, instance:com.infy.testcases.EbayTestCases@131276c2]" name="validateLogin" duration-ms="18858" started-at="2018-03-08T18:12:03Z" data-provider="readDatafromUtils" finished-at="2018-03-08T18:12:22Z">
          <params>
            <param index="0">
              <value>
                <![CDATA[nikhil.forever19@gmail.com]]>
              </value>
            </param>
            <param index="1">
              <value>
                <![CDATA[test1234]]>
              </value>
            </param>
          </params>
          <reporter-output>
          </reporter-output>
        </test-method> <!-- validateLogin -->
        <test-method status="PASS" signature="getResult(org.testng.ITestResult)[pri:0, instance:com.infy.testcases.EbayTestCases@131276c2]" name="getResult" is-config="true" duration-ms="1" started-at="2018-03-08T18:12:22Z" finished-at="2018-03-08T18:12:22Z">
          <params>
            <param index="0">
              <value>
                <![CDATA[[TestResult name=validateLogin status=SUCCESS method=EbayTestCases.validateLogin(java.lang.String, java.lang.String)[pri:0, instance:com.infy.testcases.EbayTestCases@131276c2] output={null}]]]>
              </value>
            </param>
          </params>
          <reporter-output>
          </reporter-output>
        </test-method> <!-- getResult -->
        <test-method status="PASS" signature="validateSearchItem()[pri:1, instance:com.infy.testcases.EbayTestCases@131276c2]" name="validateSearchItem" duration-ms="25594" started-at="2018-03-08T18:12:22Z" finished-at="2018-03-08T18:12:48Z">
          <reporter-output>
          </reporter-output>
        </test-method> <!-- validateSearchItem -->
        <test-method status="PASS" signature="getResult(org.testng.ITestResult)[pri:0, instance:com.infy.testcases.EbayTestCases@131276c2]" name="getResult" is-config="true" duration-ms="1" started-at="2018-03-08T18:12:48Z" finished-at="2018-03-08T18:12:48Z">
          <params>
            <param index="0">
              <value>
                <![CDATA[[TestResult name=validateSearchItem status=SUCCESS method=EbayTestCases.validateSearchItem()[pri:1, instance:com.infy.testcases.EbayTestCases@131276c2] output={null}]]]>
              </value>
            </param>
          </params>
          <reporter-output>
          </reporter-output>
        </test-method> <!-- getResult -->
        <test-method status="PASS" signature="validateItemBought()[pri:2, instance:com.infy.testcases.EbayTestCases@131276c2]" name="validateItemBought" duration-ms="11564" started-at="2018-03-08T18:12:48Z" finished-at="2018-03-08T18:12:59Z">
          <reporter-output>
          </reporter-output>
        </test-method> <!-- validateItemBought -->
        <test-method status="PASS" signature="getResult(org.testng.ITestResult)[pri:0, instance:com.infy.testcases.EbayTestCases@131276c2]" name="getResult" is-config="true" duration-ms="0" started-at="2018-03-08T18:12:59Z" finished-at="2018-03-08T18:12:59Z">
          <params>
            <param index="0">
              <value>
                <![CDATA[[TestResult name=validateItemBought status=SUCCESS method=EbayTestCases.validateItemBought()[pri:2, instance:com.infy.testcases.EbayTestCases@131276c2] output={null}]]]>
              </value>
            </param>
          </params>
          <reporter-output>
          </reporter-output>
        </test-method> <!-- getResult -->
        <test-method status="FAIL" signature="setAddressDetails()[pri:3, instance:com.infy.testcases.EbayTestCases@131276c2]" name="setAddressDetails" duration-ms="1157" started-at="2018-03-08T18:12:59Z" finished-at="2018-03-08T18:13:00Z">
          <exception class="org.openqa.selenium.NoSuchElementException">
            <message>
              <![CDATA[Can't locate an element by this strategy: Locator map: 
- native content: "By.id: address1" 
- html content: "by id or name "aeAddressLine1""
For documentation on this error, please visit: http://seleniumhq.org/exceptions/no_such_element.html
Build info: version: '2.53.0', revision: '35ae25b', time: '2016-03-15 17:00:58'
System info: host: 'CHDSEZ97152L.local', ip: '10.64.96.140', os.name: 'Mac OS X', os.arch: 'x86_64', os.version: '10.10.5', java.version: '1.8.0_45'
Driver info: driver.version: unknown]]>
            </message>
            <full-stacktrace>
              <![CDATA[org.openqa.selenium.NoSuchElementException: Can't locate an element by this strategy: Locator map: 
- native content: "By.id: address1" 
- html content: "by id or name "aeAddressLine1""
For documentation on this error, please visit: http://seleniumhq.org/exceptions/no_such_element.html
Build info: version: '2.53.0', revision: '35ae25b', time: '2016-03-15 17:00:58'
System info: host: 'CHDSEZ97152L.local', ip: '10.64.96.140', os.name: 'Mac OS X', os.arch: 'x86_64', os.version: '10.10.5', java.version: '1.8.0_45'
Driver info: driver.version: unknown
	at io.appium.java_client.pagefactory.AppiumElementLocator.findElement(AppiumElementLocator.java:169)
	at io.appium.java_client.pagefactory.ElementInterceptor.intercept(ElementInterceptor.java:30)
	at io.appium.java_client.android.AndroidElement$$EnhancerByCGLIB$$f16bb650.sendKeys(<generated>)
	at com.infy.pages.AddressDetails.setAddressLine1(AddressDetails.java:57)
	at com.infy.actions.ActionControllerAddress.enterAddress(ActionControllerAddress.java:25)
	at com.infy.testcases.EbayTestCases.setAddressDetails(EbayTestCases.java:97)
	at sun.reflect.NativeMethodAccessorImpl.invoke0(Native Method)
	at sun.reflect.NativeMethodAccessorImpl.invoke(NativeMethodAccessorImpl.java:62)
	at sun.reflect.DelegatingMethodAccessorImpl.invoke(DelegatingMethodAccessorImpl.java:43)
	at java.lang.reflect.Method.invoke(Method.java:497)
	at org.testng.internal.MethodInvocationHelper.invokeMethod(MethodInvocationHelper.java:85)
	at org.testng.internal.Invoker.invokeMethod(Invoker.java:639)
	at org.testng.internal.Invoker.invokeTestMethod(Invoker.java:816)
	at org.testng.internal.Invoker.invokeTestMethods(Invoker.java:1124)
	at org.testng.internal.TestMethodWorker.invokeTestMethods(TestMethodWorker.java:125)
	at org.testng.internal.TestMethodWorker.run(TestMethodWorker.java:108)
	at org.testng.TestRunner.privateRun(TestRunner.java:774)
	at org.testng.TestRunner.run(TestRunner.java:624)
	at org.testng.SuiteRunner.runTest(SuiteRunner.java:359)
	at org.testng.SuiteRunner.runSequentially(SuiteRunner.java:354)
	at org.testng.SuiteRunner.privateRun(SuiteRunner.java:312)
	at org.testng.SuiteRunner.run(SuiteRunner.java:261)
	at org.testng.SuiteRunnerWorker.runSuite(SuiteRunnerWorker.java:52)
	at org.testng.SuiteRunnerWorker.run(SuiteRunnerWorker.java:86)
	at org.testng.TestNG.runSuitesSequentially(TestNG.java:1215)
	at org.testng.TestNG.runSuitesLocally(TestNG.java:1140)
	at org.testng.TestNG.run(TestNG.java:1048)
	at org.testng.remote.AbstractRemoteTestNG.run(AbstractRemoteTestNG.java:132)
	at org.testng.remote.RemoteTestNG.initAndRun(RemoteTestNG.java:230)
	at org.testng.remote.RemoteTestNG.main(RemoteTestNG.java:76)
]]>
            </full-stacktrace>
          </exception> <!-- org.openqa.selenium.NoSuchElementException -->
          <reporter-output>
          </reporter-output>
        </test-method> <!-- setAddressDetails -->
        <test-method status="PASS" signature="getResult(org.testng.ITestResult)[pri:0, instance:com.infy.testcases.EbayTestCases@131276c2]" name="getResult" is-config="true" duration-ms="18" started-at="2018-03-08T18:13:00Z" finished-at="2018-03-08T18:13:00Z">
          <params>
            <param index="0">
              <value>
                <![CDATA[[TestResult name=setAddressDetails status=FAILURE method=EbayTestCases.setAddressDetails()[pri:3, instance:com.infy.testcases.EbayTestCases@131276c2] output={null}]]]>
              </value>
            </param>
          </params>
          <reporter-output>
          </reporter-output>
        </test-method> <!-- getResult -->
        <test-method status="PASS" signature="setPaymentDetails()[pri:4, instance:com.infy.testcases.EbayTestCases@131276c2]" name="setPaymentDetails" duration-ms="82542" started-at="2018-03-08T18:13:00Z" finished-at="2018-03-08T18:14:23Z">
          <reporter-output>
          </reporter-output>
        </test-method> <!-- setPaymentDetails -->
        <test-method status="PASS" signature="getResult(org.testng.ITestResult)[pri:0, instance:com.infy.testcases.EbayTestCases@131276c2]" name="getResult" is-config="true" duration-ms="1" started-at="2018-03-08T18:14:23Z" finished-at="2018-03-08T18:14:23Z">
          <params>
            <param index="0">
              <value>
                <![CDATA[[TestResult name=setPaymentDetails status=SUCCESS method=EbayTestCases.setPaymentDetails()[pri:4, instance:com.infy.testcases.EbayTestCases@131276c2] output={null}]]]>
              </value>
            </param>
          </params>
          <reporter-output>
          </reporter-output>
        </test-method> <!-- getResult -->
        <test-method status="PASS" signature="endReport()[pri:0, instance:com.infy.testcases.EbayTestCases@131276c2]" name="endReport" is-config="true" duration-ms="435" started-at="2018-03-08T18:14:23Z" finished-at="2018-03-08T18:14:23Z">
          <reporter-output>
          </reporter-output>
        </test-method> <!-- endReport -->
      </class> <!-- com.infy.testcases.EbayTestCases -->
    </test> <!-- Default test -->
  </suite> <!-- Default suite -->
</testng-results>
